<?xml version="1.0" encoding="UTF-8"?>
<!-- Generated by org.testng.reporters.JUnitReportReporter -->
<testsuite skipped="0" hostname="DESKTOP-8MHU0OI" name="com.uiFramework.testBase.TestBase" tests="1" failures="0" timestamp="02 Feb 2019 14:18:54 GMT" time="57.752" errors="0">
  <testcase name="testCase1" time="57.752" classname="com.uiFramework.testBase.TestBase"/>
</testsuite> <!-- com.uiFramework.testBase.TestBase -->
